<?xml version="1.0" encoding="utf-8"?><testsuites name="pytest tests"><testsuite name="pytest" errors="0" failures="0" skipped="0" tests="24" time="4.199" timestamp="2026-08-01T13:18:30.554605+08:00" hostname="liqinghao"><testcase classname="tests.test_absorption" name="test_control_fraction_mappings" time="0.025" /><testcase classname="tests.test_assets" name="test_assets_decision_and_shapes" time="0.040" /><testcase classname="tests.test_assets" name="test_reject_10nm" time="0.000" /><testcase classname="tests.test_autograd" name="test_torch_autograd_gradcheck" time="0.330" /><testcase classname="tests.test_autograd" name="test_torch_gradients_finite_nonzero" time="0.003" /><testcase classname="tests.test_backend_parity" name="test_backend_parity_reflectance" time="0.007" /><testcase classname="tests.test_batch_shapes" name="test_numpy_batch_shapes" time="0.002" /><testcase classname="tests.test_batch_shapes" name="test_torch_bchw_wrapper" time="0.003" /><testcase classname="tests.test_camera_path" name="test_camera_path_outputs" time="0.001" /><testcase classname="tests.test_cie_reference_path" name="test_cie_reference_outputs_and_white" time="0.001" /><testcase classname="tests.test_cie_reference_path" name="test_1nm_5nm_cie_skin_deltae" time="0.719" /><testcase classname="tests.test_color_spaces" name="test_srgb_roundtrip_and_negative_branch" time="0.000" /><testcase classname="tests.test_color_spaces" name="test_xyz_rgb_matrices_and_bradford" time="0.001" /><testcase classname="tests.test_colorchecker" name="test_colorchecker_canon_d65_qualified" time="0.010" /><testcase classname="tests.test_colorchecker" name="test_colorchecker_global_smoke" time="0.260" /><testcase classname="tests.test_config" name="test_config_and_registry_strict" time="0.038" /><testcase classname="tests.test_kubelka_munk" name="test_kubelka_munk_limits" time="0.001" /><testcase classname="tests.test_kubelka_munk" name="test_kubelka_munk_finite" time="0.001" /><testcase classname="tests.test_monotonicity" name="test_monotonicity_hard_metrics" time="0.002" /><testcase classname="tests.test_reflectance" name="test_reflectance_bounds_and_shapes" time="0.001" /><testcase classname="tests.test_reflectance" name="test_reflectance_rejects_out_of_range" time="0.001" /><testcase classname="tests.test_scattering" name="test_scattering_positive" time="0.001" /><testcase classname="tests.test_separability" name="test_spectral_separability" time="0.006" /><testcase classname="tests.test_shading_specular" name="test_shading_specular_exposure_linearity" time="0.002" /></testsuite></testsuites>